<?xml version="1.0" encoding="UTF-8"?>
<Stations>

	<Station>
		<Code>HT</Code>
		<Type>knooppuntIntercitystation</Type>
		<Namen>		
		  <Kort>Den Bosch</Kort>
		  <Middel>'s-Hertogenbosch</Middel>
		  <Lang>'s-Hertogenbosch</Lang>
		</Namen>
		<Land>NL</Land>
		<UICCode>8400319</UICCode>
		<Lat>51.69048</Lat>
		<Lon>5.29362</Lon>
		<Synoniemen>
			
			<Synoniem>Hertogenbosch ('s)</Synoniem>
			
			<Synoniem>Den Bosch</Synoniem>
			
		</Synoniemen>
	</Station>

	<Station>
		<Code>HTO</Code>
		<Type>stoptreinstation</Type>
		<Namen>		
		  <Kort>Dn Bosch O</Kort>
		  <Middel>Hertogenb. Oost</Middel>
		  <Lang>'s-Hertogenbosch Oost</Lang>
		</Namen>
		<Land>NL</Land>
		<UICCode>8400320</UICCode>
		<Lat>51.700553894043</Lat>
		<Lon>5.3183331489563</Lon>
		<Synoniemen>
			
			<Synoniem>Hertogenbosch Oost ('s)</Synoniem>
			
			<Synoniem>Den Bosch Oost</Synoniem>
			
		</Synoniemen>
	</Station>

	<Station>
		<Code>HDE</Code>
		<Type>stoptreinstation</Type>
		<Namen>		
		  <Kort>'t Harde</Kort>
		  <Middel>'t Harde</Middel>
		  <Lang>'t Harde</Lang>
		</Namen>
		<Land>NL</Land>
		<UICCode>8400388</UICCode>
		<Lat>52.4091682</Lat>
		<Lon>5.893611</Lon>
		<Synoniemen>
			
			<Synoniem>Harde ('t)</Synoniem>
			
		</Synoniemen>
	</Station>

</Stations>